[0m2022-01-09 00:04:37 V/: Send: wtlogin.login[0m
[0m2022-01-09 00:04:42 V/: Send: wtlogin.login[0m
[91m2022-01-09 00:04:47 W/: kotlinx.coroutines.TimeoutCancellationException: Timed out waiting for 5000 ms
kotlinx.coroutines.TimeoutCancellationException: Timed out waiting for 5000 ms
	at kotlinx.coroutines.TimeoutKt.TimeoutCancellationException(Timeout.kt:186)
	at kotlinx.coroutines.TimeoutCoroutine.run(Timeout.kt:156)
	at kotlinx.coroutines.EventLoopImplBase$DelayedRunnableTask.run(EventLoop.common.kt:497)
	at kotlinx.coroutines.EventLoopImplBase.processNextEvent(EventLoop.common.kt:274)
	at kotlinx.coroutines.DefaultExecutor.run(DefaultExecutor.kt:69)
	at java.base/java.lang.Thread.run(Unknown Source)
[0m
[0m2022-01-09 00:04:47 V/: No server list cached.[0m
[92m2022-01-09 00:04:47 I/: ECDH key is valid.[0m
[0m2022-01-09 00:04:47 V/: Send: wtlogin.login[0m
[0m2022-01-09 00:04:47 V/: Recv: wtlogin.login[0m
[0m2022-01-09 00:04:47 V/: Send: wtlogin.login[0m
[0m2022-01-09 00:04:47 V/: Recv: wtlogin.login[0m
[0m2022-01-09 00:04:47 V/: Send: StatSvc.register(online)[0m
[92m2022-01-09 00:04:47 I/: Server time updated, serverTime: 1641657888, diff: 1ms=0.001s[0m
[0m2022-01-09 00:04:47 V/: Recv: StatSvc.register[0m
[0m2022-01-09 00:04:47 V/: No BdhSession cache[0m
[92m2022-01-09 00:04:47 I/: Syncing friend message history...[0m
[92m2022-01-09 00:04:47 I/: Start loading stranger list...[0m
[92m2022-01-09 00:04:47 I/: Start loading friend list...[0m
[0m2022-01-09 00:04:47 V/: Send: StatSvc.GetDevLoginInfo(StatSvc.GetDevLoginInfo)[0m
[0m2022-01-09 00:04:47 V/: Send: OidbSvc.0x496(OidbSvc.0x496)[0m
[0m2022-01-09 00:04:47 V/: Send: OidbSvc.0x5d2_0(OidbSvc.0x5d2_0)[0m
[0m2022-01-09 00:04:47 V/: Send: friendlist.getFriendGroupList(friendlist.getFriendGroupList)[0m
[0m2022-01-09 00:04:47 V/: Recv: StatSvc.GetDevLoginInfo[0m
[92m2022-01-09 00:04:47 I/: Successfully loaded stranger list: 0 in total[0m
[0m2022-01-09 00:04:47 V/: Recv: OidbSvc.0x5d2_0[0m
[92m2022-01-09 00:04:47 I/: No OtherClient online.[0m
[0m2022-01-09 00:04:47 V/: Recv: OidbSvc.0x496[0m
[92m2022-01-09 00:04:47 I/: Start loading group list...[0m
[0m2022-01-09 00:04:47 V/: Send: friendlist.GetTroopListReqV2(friendlist.GetTroopListReqV2)[0m
[92m2022-01-09 00:04:48 I/: Syncing friend message history: Success.[0m
[0m2022-01-09 00:04:48 V/: Recv: friendlist.getFriendGroupList[0m
[0m2022-01-09 00:04:48 V/: Loading friend list: 4/4[0m
[92m2022-01-09 00:04:48 I/: Successfully loaded friend list: 4 in total[0m
[0m2022-01-09 00:04:48 V/: Recv: friendlist.GetTroopListReqV2[0m
[92m2022-01-09 00:04:48 I/: Successfully loaded group list: 0 in total.[0m
[92m2022-01-09 00:04:48 I/: Scheduled key refresh in 23h 55min 0.0s.[0m
[92m2022-01-09 00:04:48 I/: Scheduled refresh login session in 19d 23h 55min 0.0s.[0m
[92m2022-01-09 00:04:50 I/: Server list: msfwifi.3g.qq.com:8080, 111.33.189.81:80, 111.30.169.59:8080, 120.232.19.199:80, 36.155.229.140:14000, 120.232.19.182:80, 39.156.126.229:443, 111.30.187.249:14000, 36.155.249.120:80, 36.155.209.114:8080.[0m
[0m2022-01-09 00:04:50 V/: No BdhSession to save to cache[0m
[0m2022-01-09 00:04:50 V/: Saving server list to cache[0m
[0m2022-01-09 00:04:50 V/: Send: ConfigPushSvc.PushResp(ConfigPushSvc.PushResp)[0m
[0m2022-01-09 00:04:50 V/: Recv: ConfigPushSvc.PushReq[0m
[0m2022-01-09 00:04:50 V/: Saving bdh session to cache[0m
[0m2022-01-09 00:04:50 V/: Send: ConfigPushSvc.PushResp(ConfigPushSvc.PushResp)[0m
[0m2022-01-09 00:04:50 V/: Recv: ConfigPushSvc.PushReq[0m
[91m2022-01-09 00:07:53 W/: HeartbeatFailedException: AliveHeartbeat, recoverable=true, cause=PacketTimeoutException(message=Timeout receiving Heartbeat response, cause=kotlinx.coroutines.TimeoutCancellationException: Timed out waiting for 5000 ms)
HeartbeatFailedException: AliveHeartbeat, recoverable=true, cause=PacketTimeoutException(message=Timeout receiving Heartbeat response, cause=kotlinx.coroutines.TimeoutCancellationException: Timed out waiting for 5000 ms)
	at net.mamoe.mirai.internal.network.impl.netty.NettyNetworkHandler$StateOK$heartbeatJobs$1$1.invoke(NettyNetworkHandler.kt:349)
	at net.mamoe.mirai.internal.network.impl.netty.NettyNetworkHandler$StateOK$heartbeatJobs$1$1.invoke(NettyNetworkHandler.kt:349)
	at net.mamoe.mirai.internal.network.handler.NetworkHandlerSupport.setStateImpl$mirai_core(NetworkHandlerSupport.kt:251)
	at net.mamoe.mirai.internal.network.impl.netty.NettyNetworkHandler$StateOK$heartbeatJobs$1.invoke(NettyNetworkHandler.kt:395)
	at net.mamoe.mirai.internal.network.impl.netty.NettyNetworkHandler$StateOK$heartbeatJobs$1.invoke(NettyNetworkHandler.kt:348)
	at net.mamoe.mirai.internal.network.components.TimeBasedHeartbeatSchedulerImpl$launchHeartbeatJobAsync$1.invokeSuspend(HeartbeatScheduler.kt:108)
	at kotlin.coroutines.jvm.internal.BaseContinuationImpl.resumeWith(ContinuationImpl.kt:33)
	at kotlinx.coroutines.internal.ScopeCoroutine.afterResume(Scopes.kt:33)
	at kotlinx.coroutines.AbstractCoroutine.resumeWith(AbstractCoroutine.kt:102)
	at kotlin.coroutines.jvm.internal.BaseContinuationImpl.resumeWith(ContinuationImpl.kt:46)
	at kotlinx.coroutines.internal.ScopeCoroutine.afterResume(Scopes.kt:33)
	at kotlinx.coroutines.AbstractCoroutine.resumeWith(AbstractCoroutine.kt:102)
	at kotlin.coroutines.jvm.internal.BaseContinuationImpl.resumeWith(ContinuationImpl.kt:46)
	at kotlinx.coroutines.DispatchedTask.run(DispatchedTask.kt:104)
	at kotlinx.coroutines.scheduling.CoroutineScheduler.runSafely(CoroutineScheduler.kt:571)
	at kotlinx.coroutines.scheduling.CoroutineScheduler$Worker.executeTask(CoroutineScheduler.kt:750)
	at kotlinx.coroutines.scheduling.CoroutineScheduler$Worker.runWorker(CoroutineScheduler.kt:678)
	at kotlinx.coroutines.scheduling.CoroutineScheduler$Worker.run(CoroutineScheduler.kt:665)
Caused by: PacketTimeoutException(message=Timeout receiving Heartbeat response, cause=kotlinx.coroutines.TimeoutCancellationException: Timed out waiting for 5000 ms)
	... 13 more
Caused by: kotlinx.coroutines.TimeoutCancellationException: Timed out waiting for 5000 ms
	at kotlinx.coroutines.TimeoutKt.TimeoutCancellationException(Timeout.kt:186)
	at kotlinx.coroutines.TimeoutCoroutine.run(Timeout.kt:156)
	at kotlinx.coroutines.EventLoopImplBase$DelayedRunnableTask.run(EventLoop.common.kt:497)
	at kotlinx.coroutines.EventLoopImplBase.processNextEvent(EventLoop.common.kt:274)
	at kotlinx.coroutines.DefaultExecutor.run(DefaultExecutor.kt:69)
	at java.base/java.lang.Thread.run(Unknown Source)
[0m
[0m2022-01-09 00:07:53 V/: Loading server list from cache.[0m
[92m2022-01-09 00:07:53 I/: Server list: msfwifi.3g.qq.com:8080, 111.33.189.81:80, 111.30.169.59:8080, 120.232.19.199:80, 36.155.229.140:14000, 120.232.19.182:80, 39.156.126.229:443, 111.30.187.249:14000, 36.155.249.120:80, 36.155.209.114:8080.[0m
[92m2022-01-09 00:07:53 I/: ECDH key is valid.[0m
[0m2022-01-09 00:07:53 V/: Send: wtlogin.exchange_emp[0m
[0m2022-01-09 00:07:53 V/: Recv: wtlogin.exchange_emp[0m
[0m2022-01-09 00:07:53 V/: Send: StatSvc.register(online)[0m
[92m2022-01-09 00:07:53 I/: Server time updated, serverTime: 1641658074, diff: 1ms=0.001s[0m
[0m2022-01-09 00:07:53 V/: Recv: StatSvc.register[0m
[92m2022-01-09 00:07:53 I/: Scheduled refresh login session in 19d 23h 55min 0.0s.[0m
[92m2022-01-09 00:07:53 I/: Scheduled key refresh in 23h 55min 0.0s.[0m
[0m2022-01-09 00:07:56 V/: Saving bdh session to cache[0m
[0m2022-01-09 00:07:56 V/: Send: ConfigPushSvc.PushResp(ConfigPushSvc.PushResp)[0m
[0m2022-01-09 00:07:56 V/: Recv: ConfigPushSvc.PushReq[0m
[0m2022-01-09 00:09:44 V/: Send: MessageSvc.PbSendMsg(MessageSvc.PbSendMsg)[0m
[0m2022-01-09 00:09:44 V/: Recv: MessageSvc.PbSendMsg[0m
[0m2022-01-09 00:12:26 V/: Send: MessageSvc.PbSendMsg(MessageSvc.PbSendMsg)[0m
[0m2022-01-09 00:12:26 V/: Recv: MessageSvc.PbSendMsg[0m
[0m2022-01-09 00:13:05 V/: Send: StatSvc.GetDevLoginInfo(StatSvc.GetDevLoginInfo)[0m
[0m2022-01-09 00:13:05 V/: Recv: StatSvc.GetDevLoginInfo[0m
[0m2022-01-09 00:13:05 V/: Recv: MessageSvc.RequestPushStatus[0m
[0m2022-01-09 00:13:20 V/: Send: MessageSvc.PbSendMsg(MessageSvc.PbSendMsg)[0m
[0m2022-01-09 00:13:20 V/: Recv: MessageSvc.PbSendMsg[0m
[0m2022-01-09 00:13:25 V/: Send: MessageSvc.PbSendMsg(MessageSvc.PbSendMsg)[0m
[0m2022-01-09 00:13:26 V/: Recv: MessageSvc.PbSendMsg[0m
[0m2022-01-09 00:21:01 V/: Send: friendlist.GetTroopListReqV2(friendlist.GetTroopListReqV2)[0m
[0m2022-01-09 00:21:01 V/: Recv: friendlist.GetTroopListReqV2[0m
[0m2022-01-09 00:21:01 V/: Send: friendlist.GetTroopMemberListReq(friendlist.GetTroopMemberListReq)[0m
[0m2022-01-09 00:21:01 V/: Recv: friendlist.GetTroopMemberListReq[0m
[0m2022-01-09 00:21:01 V/: Send: ProfileService.Pb.ReqSystemMsgNew.Group(ProfileService.Pb.ReqSystemMsgNew.Group)[0m
[96m2022-01-09 00:21:01 D/: Unknown Transformers528 0x14 template
templId=10063
PermList=[TemplParam#23651690 {
            name=invite_qq_nick
            value=略💭💡🎈
    }][0m
[0m2022-01-09 00:21:01 V/: Recv: ProfileService.Pb.ReqSystemMsgNew.Group[0m
[0m2022-01-09 00:23:00 V/: Send: MessageSvc.PbSendMsg(MessageSvc.PbSendMsg)[0m
[0m2022-01-09 00:23:01 V/: Recv: MessageSvc.PbSendMsg[0m
[0m2022-01-09 00:24:11 V/: Send: friendlist.GetTroopListReqV2(friendlist.GetTroopListReqV2)[0m
[0m2022-01-09 00:24:11 V/: Recv: friendlist.GetTroopListReqV2[0m
[0m2022-01-09 00:24:11 V/: Send: friendlist.GetTroopMemberListReq(friendlist.GetTroopMemberListReq)[0m
[0m2022-01-09 00:24:12 V/: Recv: friendlist.GetTroopMemberListReq[0m
[0m2022-01-09 00:24:12 V/: Send: ProfileService.Pb.ReqSystemMsgNew.Group(ProfileService.Pb.ReqSystemMsgNew.Group)[0m
[0m2022-01-09 00:24:12 V/: Recv: ProfileService.Pb.ReqSystemMsgNew.Group[0m
[0m2022-01-09 00:24:25 V/: Send: MessageSvc.PbSendMsg(MessageSvc.PbSendMsg)[0m
[0m2022-01-09 00:24:25 V/: Recv: MessageSvc.PbSendMsg[0m
[0m2022-01-09 00:25:28 V/: Send: MessageSvc.PbSendMsg(MessageSvc.PbSendMsg)[0m
[0m2022-01-09 00:25:28 V/: Recv: MessageSvc.PbSendMsg[0m
[0m2022-01-09 00:27:14 V/: Send: MessageSvc.PbSendMsg(MessageSvc.PbSendMsg)[0m
[0m2022-01-09 00:27:14 V/: Recv: MessageSvc.PbSendMsg[0m
[0m2022-01-09 00:28:14 V/: Send: MessageSvc.PbSendMsg(MessageSvc.PbSendMsg)[0m
[0m2022-01-09 00:28:14 V/: Recv: MessageSvc.PbSendMsg[0m
[0m2022-01-09 00:28:22 V/: Send: MessageSvc.PbSendMsg(MessageSvc.PbSendMsg)[0m
[0m2022-01-09 00:28:23 V/: Recv: MessageSvc.PbSendMsg[0m
[0m2022-01-09 00:29:30 V/: Send: MessageSvc.PbSendMsg(MessageSvc.PbSendMsg)[0m
[0m2022-01-09 00:29:30 V/: Recv: MessageSvc.PbSendMsg[0m
[0m2022-01-09 00:31:40 V/: Send: MessageSvc.PbSendMsg(MessageSvc.PbSendMsg)[0m
[0m2022-01-09 00:31:40 V/: Recv: MessageSvc.PbSendMsg[0m
[0m2022-01-09 00:33:04 V/: Send: MessageSvc.PbSendMsg(MessageSvc.PbSendMsg)[0m
[0m2022-01-09 00:33:04 V/: Recv: MessageSvc.PbSendMsg[0m
[0m2022-01-09 00:33:24 V/: Send: MessageSvc.PbSendMsg(MessageSvc.PbSendMsg)[0m
[0m2022-01-09 00:33:24 V/: Recv: MessageSvc.PbSendMsg[0m
[0m2022-01-09 00:33:36 V/: Send: MessageSvc.PbSendMsg(MessageSvc.PbSendMsg)[0m
[0m2022-01-09 00:33:36 V/: Recv: MessageSvc.PbSendMsg[0m
[0m2022-01-09 00:35:29 V/: Send: MessageSvc.PbSendMsg(MessageSvc.PbSendMsg)[0m
[0m2022-01-09 00:35:29 V/: Recv: MessageSvc.PbSendMsg[0m
[0m2022-01-09 00:42:38 V/: Send: MessageSvc.PbSendMsg(MessageSvc.PbSendMsg)[0m
[0m2022-01-09 00:42:38 V/: Recv: MessageSvc.PbSendMsg[0m
[0m2022-01-09 00:42:45 V/: Send: MessageSvc.PbSendMsg(MessageSvc.PbSendMsg)[0m
[0m2022-01-09 00:42:45 V/: Recv: MessageSvc.PbSendMsg[0m
[91m2022-01-09 21:26:26 W/: NettyChannelException(message=null, cause=java.io.IOException: 远程主机强迫关闭了一个现有的连接。)
NettyChannelException(message=null, cause=java.io.IOException: 远程主机强迫关闭了一个现有的连接。)
	at net.mamoe.mirai.internal.network.impl.netty.NettyNetworkHandler$handlePipelineException$1.invoke(NettyNetworkHandler.kt:66)
	at net.mamoe.mirai.internal.network.impl.netty.NettyNetworkHandler$handlePipelineException$1.invoke(NettyNetworkHandler.kt:66)
	at net.mamoe.mirai.internal.network.handler.NetworkHandlerSupport.setStateImpl$mirai_core(NetworkHandlerSupport.kt:251)
	at net.mamoe.mirai.internal.network.impl.netty.NettyNetworkHandler.handlePipelineException(NettyNetworkHandler.kt:406)
	at net.mamoe.mirai.internal.network.impl.netty.NettyNetworkHandler$setupChannelPipeline$1.exceptionCaught(NettyNetworkHandler.kt:107)
	at io.netty.channel.AbstractChannelHandlerContext.invokeExceptionCaught(AbstractChannelHandlerContext.java:302)
	at io.netty.channel.AbstractChannelHandlerContext.invokeExceptionCaught(AbstractChannelHandlerContext.java:281)
	at io.netty.channel.AbstractChannelHandlerContext.fireExceptionCaught(AbstractChannelHandlerContext.java:273)
	at io.netty.channel.DefaultChannelPipeline$HeadContext.exceptionCaught(DefaultChannelPipeline.java:1377)
	at io.netty.channel.AbstractChannelHandlerContext.invokeExceptionCaught(AbstractChannelHandlerContext.java:302)
	at io.netty.channel.AbstractChannelHandlerContext.invokeExceptionCaught(AbstractChannelHandlerContext.java:281)
	at io.netty.channel.DefaultChannelPipeline.fireExceptionCaught(DefaultChannelPipeline.java:907)
	at io.netty.channel.nio.AbstractNioByteChannel$NioByteUnsafe.handleReadException(AbstractNioByteChannel.java:125)
	at io.netty.channel.nio.AbstractNioByteChannel$NioByteUnsafe.read(AbstractNioByteChannel.java:177)
	at io.netty.channel.nio.NioEventLoop.processSelectedKey(NioEventLoop.java:719)
	at io.netty.channel.nio.NioEventLoop.processSelectedKeysOptimized(NioEventLoop.java:655)
	at io.netty.channel.nio.NioEventLoop.processSelectedKeys(NioEventLoop.java:581)
	at io.netty.channel.nio.NioEventLoop.run(NioEventLoop.java:493)
	at io.netty.util.concurrent.SingleThreadEventExecutor$4.run(SingleThreadEventExecutor.java:989)
	at io.netty.util.internal.ThreadExecutorMap$2.run(ThreadExecutorMap.java:74)
	at io.netty.util.concurrent.FastThreadLocalRunnable.run(FastThreadLocalRunnable.java:30)
	at java.base/java.lang.Thread.run(Unknown Source)
Caused by: java.io.IOException: 远程主机强迫关闭了一个现有的连接。
	at java.base/sun.nio.ch.SocketDispatcher.read0(Native Method)
	at java.base/sun.nio.ch.SocketDispatcher.read(Unknown Source)
	at java.base/sun.nio.ch.IOUtil.readIntoNativeBuffer(Unknown Source)
	at java.base/sun.nio.ch.IOUtil.read(Unknown Source)
	at java.base/sun.nio.ch.IOUtil.read(Unknown Source)
	at java.base/sun.nio.ch.SocketChannelImpl.read(Unknown Source)
	at io.netty.buffer.PooledByteBuf.setBytes(PooledByteBuf.java:253)
	at io.netty.buffer.AbstractByteBuf.writeBytes(AbstractByteBuf.java:1132)
	at io.netty.channel.socket.nio.NioSocketChannel.doReadBytes(NioSocketChannel.java:350)
	at io.netty.channel.nio.AbstractNioByteChannel$NioByteUnsafe.read(AbstractNioByteChannel.java:151)
	... 8 more
[0m
[91m2022-01-09 21:26:26 W/: io.netty.channel.AbstractChannel$AnnotatedNoRouteToHostException: No route to host: no further information: /111.33.189.81:80
io.netty.channel.AbstractChannel$AnnotatedNoRouteToHostException: No route to host: no further information: /111.33.189.81:80
	Suppressed: kotlinx.coroutines.JobCancellationException: Parent job is Cancelling; job=JobImpl{Cancelled}@1f58724
	Caused by: [CIRCULAR REFERENCE: io.netty.channel.AbstractChannel$AnnotatedNoRouteToHostException: No route to host: no further information: /111.33.189.81:80]
	Suppressed: [CIRCULAR REFERENCE: kotlinx.coroutines.JobCancellationException: Parent job is Cancelling; job=JobImpl{Cancelled}@1f58724]
Caused by: java.net.NoRouteToHostException: No route to host: no further information
	at java.base/sun.nio.ch.SocketChannelImpl.checkConnect(Native Method)
	at java.base/sun.nio.ch.SocketChannelImpl.finishConnect(Unknown Source)
	at io.netty.channel.socket.nio.NioSocketChannel.doFinishConnect(NioSocketChannel.java:330)
	at io.netty.channel.nio.AbstractNioChannel$AbstractNioUnsafe.finishConnect(AbstractNioChannel.java:334)
	at io.netty.channel.nio.NioEventLoop.processSelectedKey(NioEventLoop.java:707)
	at io.netty.channel.nio.NioEventLoop.processSelectedKeysOptimized(NioEventLoop.java:655)
	at io.netty.channel.nio.NioEventLoop.processSelectedKeys(NioEventLoop.java:581)
	at io.netty.channel.nio.NioEventLoop.run(NioEventLoop.java:493)
	at io.netty.util.concurrent.SingleThreadEventExecutor$4.run(SingleThreadEventExecutor.java:989)
	at io.netty.util.internal.ThreadExecutorMap$2.run(ThreadExecutorMap.java:74)
	at io.netty.util.concurrent.FastThreadLocalRunnable.run(FastThreadLocalRunnable.java:30)
	at java.base/java.lang.Thread.run(Unknown Source)
[0m
[0m2022-01-09 21:26:57 V/: Loading server list from cache.[0m
[92m2022-01-09 21:26:57 I/: Server list: msfwifi.3g.qq.com:8080, 111.33.189.81:80, 111.30.169.59:8080, 120.232.19.199:80, 36.155.229.140:14000, 120.232.19.182:80, 39.156.126.229:443, 111.30.187.249:14000, 36.155.249.120:80, 36.155.209.114:8080.[0m
[92m2022-01-09 21:26:57 I/: ECDH key is valid.[0m
[0m2022-01-09 21:26:57 V/: Send: wtlogin.exchange_emp[0m
[0m2022-01-09 21:26:57 V/: Recv: wtlogin.exchange_emp[0m
[0m2022-01-09 21:26:57 V/: Send: StatSvc.register(online)[0m
[0m2022-01-09 21:27:03 V/: Loading server list from cache.[0m
[92m2022-01-09 21:27:03 I/: Server list: msfwifi.3g.qq.com:8080, 111.33.189.81:80, 111.30.169.59:8080, 120.232.19.199:80, 36.155.229.140:14000, 120.232.19.182:80, 39.156.126.229:443, 111.30.187.249:14000, 36.155.249.120:80, 36.155.209.114:8080.[0m
[92m2022-01-09 21:27:03 I/: ECDH key is valid.[0m
[0m2022-01-09 21:27:03 V/: Send: wtlogin.exchange_emp[0m
[0m2022-01-09 21:27:03 V/: Recv: wtlogin.exchange_emp[0m
[0m2022-01-09 21:27:03 V/: Send: StatSvc.register(online)[0m
[92m2022-01-09 21:27:03 I/: Server time updated, serverTime: 1641734823, diff: 0ms=0.0s[0m
[0m2022-01-09 21:27:03 V/: Recv: StatSvc.register[0m
[92m2022-01-09 21:27:03 I/: Scheduled refresh login session in 19d 23h 55min 0.0s.[0m
[92m2022-01-09 21:27:03 I/: Scheduled key refresh in 23h 55min 0.0s.[0m
[0m2022-01-09 21:27:05 V/: Recv: MessageSvc.RequestPushStatus[0m
[0m2022-01-09 21:27:05 V/: Recv: MessageSvc.RequestPushStatus[0m
[0m2022-01-09 21:27:05 V/: Recv: MessageSvc.RequestPushStatus[0m
[92m2022-01-09 21:27:06 I/: Server list: 211.136.109.25:14000, 39.156.126.167:443, msfwifi.3g.qq.com:8080, 111.30.178.75:80, 39.156.126.229:8080, 120.232.19.169:80, 120.232.69.217:80, 117.144.228.30:8080, 117.144.228.52:80, 39.156.125.20:14000.[0m
[0m2022-01-09 21:27:06 V/: Saving bdh session to cache[0m
[0m2022-01-09 21:27:06 V/: Saving server list to cache[0m
[0m2022-01-09 21:27:06 V/: Send: ConfigPushSvc.PushResp(ConfigPushSvc.PushResp)[0m
[0m2022-01-09 21:27:06 V/: Recv: ConfigPushSvc.PushReq[0m
[0m2022-01-09 21:27:06 V/: Saving bdh session to cache[0m
[0m2022-01-09 21:27:06 V/: Send: ConfigPushSvc.PushResp(ConfigPushSvc.PushResp)[0m
[0m2022-01-09 21:27:06 V/: Recv: ConfigPushSvc.PushReq[0m
[0m2022-01-09 21:37:45 V/: Send: friendlist.getFriendGroupList(friendlist.getFriendGroupList)[0m
[0m2022-01-09 21:37:45 V/: Recv: friendlist.getFriendGroupList[0m
[0m2022-01-09 21:58:34 V/: Recv: MessageSvc.RequestPushStatus[0m
[0m2022-01-09 21:58:34 V/: Recv: MessageSvc.RequestPushStatus[0m
[0m2022-01-09 21:58:34 V/: Recv: MessageSvc.RequestPushStatus[0m
[0m2022-01-09 21:59:36 V/: Recv: MessageSvc.RequestPushStatus[0m
[0m2022-01-09 21:59:36 V/: Recv: MessageSvc.RequestPushStatus[0m
[0m2022-01-09 21:59:37 V/: Recv: MessageSvc.RequestPushStatus[0m
[0m2022-01-09 22:15:38 V/: Send: ProfileService.Pb.ReqSystemMsgNew.Friend(ProfileService.Pb.ReqSystemMsgNew.Friend)[0m
[0m2022-01-09 22:15:38 V/: Recv: ProfileService.Pb.ReqSystemMsgNew.Friend[0m
[0m2022-01-09 22:17:01 V/: Send: MessageSvc.PbSendMsg(MessageSvc.PbSendMsg)[0m
[0m2022-01-09 22:17:02 V/: Recv: MessageSvc.PbSendMsg[0m
[0m2022-01-09 22:18:08 V/: Send: MessageSvc.PbSendMsg(MessageSvc.PbSendMsg)[0m
[0m2022-01-09 22:18:08 V/: Recv: MessageSvc.PbSendMsg[0m
[0m2022-01-09 22:18:53 V/: Send: MessageSvc.PbSendMsg(MessageSvc.PbSendMsg)[0m
[0m2022-01-09 22:18:54 V/: Recv: MessageSvc.PbSendMsg[0m
[0m2022-01-09 22:19:12 V/: Send: MessageSvc.PbSendMsg(MessageSvc.PbSendMsg)[0m
[0m2022-01-09 22:19:12 V/: Recv: MessageSvc.PbSendMsg[0m
[0m2022-01-09 22:19:14 V/: Send: MessageSvc.PbSendMsg(MessageSvc.PbSendMsg)[0m
[0m2022-01-09 22:19:14 V/: Recv: MessageSvc.PbSendMsg[0m
[0m2022-01-09 22:19:15 V/: Send: MessageSvc.PbSendMsg(MessageSvc.PbSendMsg)[0m
[0m2022-01-09 22:19:15 V/: Recv: MessageSvc.PbSendMsg[0m
[0m2022-01-09 22:19:16 V/: Send: MessageSvc.PbSendMsg(MessageSvc.PbSendMsg)[0m
[0m2022-01-09 22:19:17 V/: Recv: MessageSvc.PbSendMsg[0m
[0m2022-01-09 22:19:23 V/: Send: MessageSvc.PbSendMsg(MessageSvc.PbSendMsg)[0m
[0m2022-01-09 22:19:23 V/: Recv: MessageSvc.PbSendMsg[0m
[0m2022-01-09 22:19:33 V/: Send: MessageSvc.PbSendMsg(MessageSvc.PbSendMsg)[0m
[0m2022-01-09 22:19:33 V/: Recv: MessageSvc.PbSendMsg[0m
[0m2022-01-09 22:19:35 V/: Send: MessageSvc.PbSendMsg(MessageSvc.PbSendMsg)[0m
[0m2022-01-09 22:19:35 V/: Recv: MessageSvc.PbSendMsg[0m
[0m2022-01-09 22:19:37 V/: Send: MessageSvc.PbSendMsg(MessageSvc.PbSendMsg)[0m
[0m2022-01-09 22:19:37 V/: Recv: MessageSvc.PbSendMsg[0m
[0m2022-01-09 22:26:44 V/: Send: MessageSvc.PbSendMsg(MessageSvc.PbSendMsg)[0m
[0m2022-01-09 22:26:44 V/: Recv: MessageSvc.PbSendMsg[0m
[0m2022-01-09 22:27:16 V/: Send: MessageSvc.PbSendMsg(MessageSvc.PbSendMsg)[0m
[0m2022-01-09 22:27:16 V/: Recv: MessageSvc.PbSendMsg[0m
[0m2022-01-09 22:29:37 V/: Recv: OnlinePush.PbC2CMsgSync[0m
[0m2022-01-09 22:29:45 V/: Recv: OnlinePush.PbC2CMsgSync[0m
[0m2022-01-09 22:29:49 V/: Recv: OnlinePush.PbC2CMsgSync[0m
[0m2022-01-09 22:29:58 V/: Recv: OnlinePush.PbC2CMsgSync[0m
[0m2022-01-09 22:29:58 V/: Recv: OnlinePush.PbC2CMsgSync[0m
[0m2022-01-09 22:30:06 V/: Send: MessageSvc.PbSendMsg(MessageSvc.PbSendMsg)[0m
[0m2022-01-09 22:30:06 V/: Recv: MessageSvc.PbSendMsg[0m
[0m2022-01-09 22:30:06 V/: Recv: OnlinePush.PbC2CMsgSync[0m
[0m2022-01-09 22:34:56 V/: Recv: MessageSvc.RequestPushStatus[0m
[0m2022-01-09 22:34:56 V/: Recv: MessageSvc.RequestPushStatus[0m
[0m2022-01-09 22:34:56 V/: Recv: MessageSvc.RequestPushStatus[0m
